<?xml version="1.0" encoding="UTF-8"?>
<!-- Generated by org.testng.reporters.JUnitReportReporter -->
<testsuite skipped="0" hostname="DESKTOP-6CPCAFM" name="testCases.TC_002_Login" tests="1" failures="0" timestamp="2021-03-30T10:31:53 MDT" time="18.917" errors="0">
  <testcase name="test_Login" time="18.917" classname="testCases.TC_002_Login"/>
  <system-out/>
</testsuite> <!-- testCases.TC_002_Login -->
