<?xml version="1.0" encoding="UTF-8"?>
<!-- Generated by org.testng.reporters.JUnitReportReporter -->
<testsuite skipped="0" hostname="DESKTOP-6CPCAFM" name="testCases.TC_001_AccountRegistration" tests="1" failures="0" timestamp="2021-04-06T09:14:37 MDT" time="36.082" errors="0">
  <testcase name="test_accout_Registration" time="36.082" classname="testCases.TC_001_AccountRegistration"/>
  <system-out/>
</testsuite> <!-- testCases.TC_001_AccountRegistration -->
