<?xml version="1.0" encoding="UTF-8"?>
<!-- Generated by org.testng.reporters.JUnitReportReporter -->
<testsuite skipped="0" hostname="DESKTOP-6CPCAFM" name="testCases.TC_002_Login" tests="1" failures="0" timestamp="2021-04-06T09:14:37 MDT" time="19.877" errors="0">
  <testcase name="test_Login" time="19.877" classname="testCases.TC_002_Login"/>
  <system-out/>
</testsuite> <!-- testCases.TC_002_Login -->
