<?xml version="1.0" encoding="UTF-8"?>
<!-- Generated by org.testng.reporters.JUnitReportReporter -->
<testsuite skipped="0" hostname="DESKTOP-6CPCAFM" name="testCases.TC_001_AccountRegistration" tests="1" failures="0" timestamp="2021-03-30T18:09:57 MDT" time="12.648" errors="0">
  <testcase name="test_accout_Registration" time="12.648" classname="testCases.TC_001_AccountRegistration"/>
  <system-out/>
</testsuite> <!-- testCases.TC_001_AccountRegistration -->
